<?xml version="1.0" encoding="UTF-8"?>
<!-- Generated by org.testng.reporters.JUnitReportReporter -->
<testsuite hostname="SatishPC" failures="0" tests="1" name="demo_webshop_Testcases.ApparelTestCase01" time="9.261" errors="0" timestamp="2024-05-26T21:45:37 IST" skipped="0">
  <testcase classname="demo_webshop_Testcases.ApparelTestCase01" name="apparelTestCase01" time="9.261">
    <system-out>
      <![CDATA[ApparelTestCase01 is passed]]>
    </system-out>
  </testcase> <!-- apparelTestCase01 -->
  <system-out>
    <![CDATA[ApparelTestCase01 is passed]]>
  </system-out>
</testsuite> <!-- demo_webshop_Testcases.ApparelTestCase01 -->
