<?xml version="1.0" encoding="UTF-8"?>
<!-- Generated by org.testng.reporters.JUnitReportReporter -->
<testsuite hostname="SatishPC" failures="0" tests="4" name="working_TestNG.TestAnnotation" time="0.017" errors="0" timestamp="2024-05-22T12:01:10 IST" skipped="0">
  <testcase classname="working_TestNG.TestAnnotation" name="Launch" time="0.011"/>
  <testcase classname="working_TestNG.TestAnnotation" name="Login" time="0.001"/>
  <testcase classname="working_TestNG.TestAnnotation" name="Validate" time="0.002"/>
  <testcase classname="working_TestNG.TestAnnotation" name="Home" time="0.003"/>
</testsuite> <!-- working_TestNG.TestAnnotation -->
