<?xml version="1.0" encoding="UTF-8"?>
<!-- Generated by org.testng.reporters.JUnitReportReporter -->
<testsuite hostname="SatishPC" failures="0" tests="1" name="working_TestNG.Example_HardAssert" time="108.861" errors="0" timestamp="2024-05-25T12:38:11 IST" skipped="0">
  <testcase classname="working_TestNG.Example_HardAssert" name="testcase01" time="108.861">
    <system-out>
      <![CDATA[Navigated to Google page
Searching Selenium : Result found]]>
    </system-out>
  </testcase> <!-- testcase01 -->
  <system-out>
    <![CDATA[Navigated to Google page
Searching Selenium : Result found]]>
  </system-out>
</testsuite> <!-- working_TestNG.Example_HardAssert -->
