<?xml version="1.0" encoding="UTF-8"?>
<!-- Generated by org.testng.reporters.JUnitReportReporter -->
<testsuite hostname="SatishPC" failures="0" tests="1" name="demo_webshop_Testcases.BooksTestCase02" time="6.286" errors="0" timestamp="2024-05-26T22:05:19 IST" skipped="0">
  <testcase classname="demo_webshop_Testcases.BooksTestCase02" name="booksTestCase02" time="6.286">
    <system-out>
      <![CDATA[Books page is displayed
BooksTestCase02 is passed]]>
    </system-out>
  </testcase> <!-- booksTestCase02 -->
  <system-out>
    <![CDATA[Books page is displayed
BooksTestCase02 is passed]]>
  </system-out>
</testsuite> <!-- demo_webshop_Testcases.BooksTestCase02 -->
