<?xml version="1.0" encoding="UTF-8"?>
<!-- Generated by org.testng.reporters.JUnitReportReporter -->
<testsuite hostname="SatishPC" failures="0" tests="1" name="working_TestNG.Example_ConfigureAnnotations" time="0.008" errors="0" timestamp="2024-05-22T13:12:55 IST" skipped="0">
  <testcase classname="working_TestNG.Example_ConfigureAnnotations" name="testcase" time="0.008">
    <system-out>
      <![CDATA[Execution of Test Case]]>
    </system-out>
  </testcase> <!-- testcase -->
  <system-out>
    <![CDATA[Conncetion to Server
Conncetion to DataBase
Launch the browser
Login into Application
Execution of Test Case
Logout from Application
Close the Browser
Disconnect from DataBase
Disconnect from Server]]>
  </system-out>
</testsuite> <!-- working_TestNG.Example_ConfigureAnnotations -->
