<?xml version="1.0" encoding="UTF-8"?>
<!-- Generated by org.testng.reporters.JUnitReportReporter -->
<testsuite hostname="SatishPC" failures="0" tests="2" name="working_TestNG.Example_Enabled" time="0.011" errors="0" timestamp="2024-05-22T12:10:25 IST" skipped="1">
  <testcase classname="working_TestNG.Example_Enabled" name="test2" time="0.011"/>
  <testcase classname="working_TestNG.Example_Enabled" name="test1">
    <skipped/>
  </testcase> <!-- test1 -->
</testsuite> <!-- working_TestNG.Example_Enabled -->
