<?xml version="1.0" encoding="UTF-8"?>
<!-- Generated by org.testng.reporters.JUnitReportReporter -->
<testsuite hostname="SatishPC" failures="0" tests="3" name="working_TestNG.Example_DataProvider" time="45.155" errors="0" timestamp="2024-05-27T12:13:58 IST" skipped="0">
  <testcase classname="working_TestNG.Example_DataProvider" name="testCase" time="15.433"/>
  <testcase classname="working_TestNG.Example_DataProvider" name="testCase" time="15.685"/>
  <testcase classname="working_TestNG.Example_DataProvider" name="testCase" time="14.037"/>
</testsuite> <!-- working_TestNG.Example_DataProvider -->
