<?xml version="1.0" encoding="UTF-8"?>
<!-- Generated by org.testng.reporters.JUnitReportReporter -->
<testsuite hostname="SatishPC" failures="0" tests="1" name="working_TestNG.Example_CrossBrowser" time="66.921" errors="0" timestamp="2024-05-24T13:30:50 IST" skipped="0">
  <testcase classname="working_TestNG.Example_CrossBrowser" name="launchBrowser" time="66.921"/>
</testsuite> <!-- working_TestNG.Example_CrossBrowser -->
