<?xml version="1.0" encoding="UTF-8"?>
<!-- Generated by org.testng.reporters.JUnitReportReporter -->
<testsuite hostname="SatishPC" failures="0" tests="1" name="demo_webshop_Testcases.BooksTestCase01" time="6.802" errors="0" timestamp="2024-05-26T21:54:15 IST" skipped="0">
  <testcase classname="demo_webshop_Testcases.BooksTestCase01" name="booksTestCase01" time="6.802">
    <system-out>
      <![CDATA[BooksTestCase01 is passed]]>
    </system-out>
  </testcase> <!-- booksTestCase01 -->
  <system-out>
    <![CDATA[BooksTestCase01 is passed]]>
  </system-out>
</testsuite> <!-- demo_webshop_Testcases.BooksTestCase01 -->
