<?xml version="1.0" encoding="UTF-8"?>
<!-- Generated by org.testng.reporters.JUnitReportReporter -->
<testsuite hostname="SatishPC" failures="0" tests="3" name="working_TestNG.Example_InvocationCount" time="26.266" errors="0" timestamp="2024-05-22T12:32:23 IST" skipped="0">
  <testcase classname="working_TestNG.Example_InvocationCount" name="testcase" time="7.382"/>
  <testcase classname="working_TestNG.Example_InvocationCount" name="testcase" time="8.887"/>
  <testcase classname="working_TestNG.Example_InvocationCount" name="testcase" time="9.997"/>
</testsuite> <!-- working_TestNG.Example_InvocationCount -->
